{"C:\\Users\\dimit\\Desktop\\Comp\\Code\\Github\\Various_data_science_scripts\\Web Development\\TDD\\testing_function\\test\\fizzbuzz.js": {"path":"C:\\Users\\dimit\\Desktop\\Comp\\Code\\Github\\Various_data_science_scripts\\Web Development\\TDD\\testing_function\\test\\fizzbuzz.js","statementMap":{"0":{"start":{"line":1,"column":17},"end":{"line":14,"column":4}},"1":{"start":{"line":2,"column":4},"end":{"line":13,"column":4}},"2":{"start":{"line":3,"column":8},"end":{"line":3,"column":26}},"3":{"start":{"line":5,"column":9},"end":{"line":13,"column":4}},"4":{"start":{"line":6,"column":8},"end":{"line":6,"column":22}},"5":{"start":{"line":8,"column":9},"end":{"line":13,"column":4}},"6":{"start":{"line":9,"column":7},"end":{"line":9,"column":21}},"7":{"start":{"line":12,"column":7},"end":{"line":12,"column":16}},"8":{"start":{"line":17,"column":0},"end":{"line":17,"column":27}}},"fnMap":{"0":{"name":"(anonymous_0)","decl":{"start":{"line":1,"column":17},"end":{"line":1,"column":18}},"loc":{"start":{"line":1,"column":24},"end":{"line":14,"column":4}},"line":1}},"branchMap":{"0":{"loc":{"start":{"line":2,"column":4},"end":{"line":13,"column":4}},"type":"if","locations":[{"start":{"line":2,"column":4},"end":{"line":13,"column":4}},{"start":{"line":5,"column":9},"end":{"line":13,"column":4}}],"line":2},"1":{"loc":{"start":{"line":2,"column":8},"end":{"line":2,"column":29}},"type":"binary-expr","locations":[{"start":{"line":2,"column":8},"end":{"line":2,"column":18}},{"start":{"line":2,"column":22},"end":{"line":2,"column":29}}],"line":2},"2":{"loc":{"start":{"line":5,"column":9},"end":{"line":13,"column":4}},"type":"if","locations":[{"start":{"line":5,"column":9},"end":{"line":13,"column":4}},{"start":{"line":8,"column":9},"end":{"line":13,"column":4}}],"line":5},"3":{"loc":{"start":{"line":8,"column":9},"end":{"line":13,"column":4}},"type":"if","locations":[{"start":{"line":8,"column":9},"end":{"line":13,"column":4}},{"start":{"line":11,"column":8},"end":{"line":13,"column":4}}],"line":8}},"s":{"0":1,"1":4,"2":1,"3":3,"4":1,"5":2,"6":1,"7":1,"8":1},"f":{"0":4},"b":{"0":[1,3],"1":[4,2],"2":[1,2],"3":[1,1]},"_coverageSchema":"1a1c01bbd47fc00a2c39e90264f33305004495a9","hash":"0bc56b8c0f99bd5e0f16bc15649dd73aac4d4e6a"}
}
